<?xml version="1.0" encoding="UTF-8"?>
<!-- Generated by org.testng.reporters.JUnitXMLReporter -->
<testsuite ignored="0" hostname="Asus-PC" failures="0" tests="6" name="chrome Test" time="15.175" errors="0" timestamp="20 Aug 2019 20:41:23 GMT">
  <testcase classname="com.Tab.runners.Runner_Chrome" name="scenario" time="12.705"/>
  <testcase classname="com.Tab.runners.Runner_Chrome" name="scenario" time="12.811"/>
  <testcase classname="com.Tab.runners.Runner_Chrome" name="scenario" time="12.855"/>
  <testcase classname="com.Tab.runners.Runner_Chrome" name="scenario" time="13.456"/>
  <testcase classname="com.Tab.runners.Runner_Chrome" name="scenario" time="13.502"/>
  <testcase classname="com.Tab.runners.Runner_Chrome" name="scenario" time="13.833"/>
</testsuite> <!-- chrome Test -->
