<?xml version="1.0" encoding="UTF-8"?>
<!-- Generated by org.testng.reporters.JUnitXMLReporter -->
<testsuite ignored="0" hostname="Asus-PC" failures="0" tests="6" name="dd Test" time="63.506" errors="0" timestamp="20 Aug 2019 20:42:27 GMT">
  <testcase classname="com.Tab.runners.Runner_Chrome" name="scenario" time="62.949"/>
  <testcase classname="com.Tab.runners.Runner_Chrome" name="scenario" time="62.95"/>
  <testcase classname="com.Tab.runners.Runner_Chrome" name="scenario" time="63.06"/>
  <testcase classname="com.Tab.runners.Runner_Chrome" name="scenario" time="63.102"/>
  <testcase classname="com.Tab.runners.Runner_Chrome" name="scenario" time="63.14"/>
  <testcase classname="com.Tab.runners.Runner_Chrome" name="scenario" time="63.151"/>
</testsuite> <!-- dd Test -->
