<?xml version="1.0" encoding="UTF-8"?>
<!-- Generated by org.testng.reporters.JUnitXMLReporter -->
<testsuite hostname="ogvdevjbox12" ignored="0" name="Firfox test" tests="2" failures="2" timestamp="16 Aug 2019 07:05:16 GMT" time="1.471" errors="0">
  <testcase name="scenario" time="1.247" classname="com.Tab.runners.OnBoardingRunner">
    <failure type="java.lang.NullPointerException">
      <![CDATA[java.lang.NullPointerException
at com.google.common.base.Preconditions.checkNotNull(Preconditions.java:882)
at org.openqa.selenium.support.ui.FluentWait.<init>(FluentWait.java:104)
at org.openqa.selenium.support.ui.WebDriverWait.<init>(WebDriverWait.java:71)
at org.openqa.selenium.support.ui.WebDriverWait.<init>(WebDriverWait.java:45)
at com.Tab.PageObjects.BasePage.waitForPageToLoad(BasePage.java:45)
at com.Tab.PageObjects.BasePage.base(BasePage.java:32)
at com.Tab.PageObjects.Page_LoginPage.loginToApplication(Page_LoginPage.java:37)
at com.Tab.steps.StepDefinition_OnBoarding.user_navigates_to_the_URL(StepDefinition_OnBoarding.java:56)
at ✽.user navigates to the URL  <user>(file:src/test/resources/features/OnBoarding.feature:6)
]]>
    </failure>
  </testcase> <!-- scenario -->
  <testcase name="scenario" time="1.343" classname="com.Tab.runners.OnBoardingRunner">
    <failure type="java.lang.NullPointerException">
      <![CDATA[java.lang.NullPointerException
at com.google.common.base.Preconditions.checkNotNull(Preconditions.java:882)
at org.openqa.selenium.support.ui.FluentWait.<init>(FluentWait.java:104)
at org.openqa.selenium.support.ui.WebDriverWait.<init>(WebDriverWait.java:71)
at org.openqa.selenium.support.ui.WebDriverWait.<init>(WebDriverWait.java:45)
at com.Tab.PageObjects.BasePage.waitForPageToLoad(BasePage.java:45)
at com.Tab.PageObjects.BasePage.base(BasePage.java:32)
at com.Tab.PageObjects.Page_LoginPage.loginToApplicationtwo(Page_LoginPage.java:54)
at com.Tab.steps.StepDefinition_OnBoarding.launch_browsert(StepDefinition_OnBoarding.java:48)
at ✽.launch browsert(file:src/test/resources/features/OnBoarding.feature:13)
]]>
    </failure>
  </testcase> <!-- scenario -->
</testsuite> <!-- Firfox test -->
