<?xml version="1.0" encoding="UTF-8"?>
<testng-results ignored="0" total="12" passed="12" failed="0" skipped="0">
  <reporter-output>
  </reporter-output>
  <suite started-at="2019-08-20T20:41:08Z" name="Suite" finished-at="2019-08-20T20:42:27Z" duration-ms="79261">
    <groups>
      <group name="cucumber">
        <method signature="Runner_Chrome.scenario(cucumber.api.testng.PickleEventWrapper, cucumber.api.testng.CucumberFeatureWrapper)[pri:0, instance:com.Tab.runners.Runner_Chrome@384ad17b]" name="scenario" class="com.Tab.runners.Runner_Chrome"/>
        <method signature="Runner_Chrome.scenario(cucumber.api.testng.PickleEventWrapper, cucumber.api.testng.CucumberFeatureWrapper)[pri:0, instance:com.Tab.runners.Runner_Chrome@6379eb]" name="scenario" class="com.Tab.runners.Runner_Chrome"/>
      </group> <!-- cucumber -->
    </groups>
    <test started-at="2019-08-20T20:41:08Z" name="chrome Test" finished-at="2019-08-20T20:41:23Z" duration-ms="15175">
      <class name="com.Tab.runners.Runner_Chrome">
        <test-method is-config="true" signature="setUpClass(org.testng.ITestContext)[pri:0, instance:com.Tab.runners.Runner_Chrome@384ad17b]" started-at="2019-08-20T20:41:08Z" name="setUpClass" finished-at="2019-08-20T20:41:09Z" duration-ms="821" status="PASS">
          <params>
            <param index="0">
              <value>
                <![CDATA[org.testng.TestRunner@58359ebd]]>
              </value>
            </param>
          </params>
          <reporter-output>
          </reporter-output>
        </test-method> <!-- setUpClass -->
        <test-method signature="scenario(cucumber.api.testng.PickleEventWrapper, cucumber.api.testng.CucumberFeatureWrapper)[pri:0, instance:com.Tab.runners.Runner_Chrome@384ad17b]" started-at="2019-08-20T20:41:09Z" name="scenario" description="Runs Cucumber Scenarios" data-provider="scenarios" finished-at="2019-08-20T20:41:22Z" duration-ms="13502" status="PASS">
          <params>
            <param index="0">
              <value>
                <![CDATA["create customer Deposit"]]>
              </value>
            </param>
            <param index="1">
              <value>
                <![CDATA["Onboarding"]]>
              </value>
            </param>
          </params>
          <reporter-output>
          </reporter-output>
        </test-method> <!-- scenario -->
        <test-method signature="scenario(cucumber.api.testng.PickleEventWrapper, cucumber.api.testng.CucumberFeatureWrapper)[pri:0, instance:com.Tab.runners.Runner_Chrome@384ad17b]" started-at="2019-08-20T20:41:09Z" name="scenario" description="Runs Cucumber Scenarios" data-provider="scenarios" finished-at="2019-08-20T20:41:22Z" duration-ms="12855" status="PASS">
          <params>
            <param index="0">
              <value>
                <![CDATA["create Loan Deposit"]]>
              </value>
            </param>
            <param index="1">
              <value>
                <![CDATA["Onboarding"]]>
              </value>
            </param>
          </params>
          <reporter-output>
          </reporter-output>
        </test-method> <!-- scenario -->
        <test-method signature="scenario(cucumber.api.testng.PickleEventWrapper, cucumber.api.testng.CucumberFeatureWrapper)[pri:0, instance:com.Tab.runners.Runner_Chrome@384ad17b]" started-at="2019-08-20T20:41:09Z" name="scenario" description="Runs Cucumber Scenarios" data-provider="scenarios" finished-at="2019-08-20T20:41:22Z" duration-ms="12705" status="PASS">
          <params>
            <param index="0">
              <value>
                <![CDATA["create Customer"]]>
              </value>
            </param>
            <param index="1">
              <value>
                <![CDATA["Onboarding"]]>
              </value>
            </param>
          </params>
          <reporter-output>
          </reporter-output>
        </test-method> <!-- scenario -->
        <test-method signature="scenario(cucumber.api.testng.PickleEventWrapper, cucumber.api.testng.CucumberFeatureWrapper)[pri:0, instance:com.Tab.runners.Runner_Chrome@384ad17b]" started-at="2019-08-20T20:41:09Z" name="scenario" description="Runs Cucumber Scenarios" data-provider="scenarios" finished-at="2019-08-20T20:41:23Z" duration-ms="13833" status="PASS">
          <params>
            <param index="0">
              <value>
                <![CDATA["create Deposit one"]]>
              </value>
            </param>
            <param index="1">
              <value>
                <![CDATA["Onboarding"]]>
              </value>
            </param>
          </params>
          <reporter-output>
          </reporter-output>
        </test-method> <!-- scenario -->
        <test-method signature="scenario(cucumber.api.testng.PickleEventWrapper, cucumber.api.testng.CucumberFeatureWrapper)[pri:0, instance:com.Tab.runners.Runner_Chrome@384ad17b]" started-at="2019-08-20T20:41:09Z" name="scenario" description="Runs Cucumber Scenarios" data-provider="scenarios" finished-at="2019-08-20T20:41:22Z" duration-ms="13456" status="PASS">
          <params>
            <param index="0">
              <value>
                <![CDATA["Create lona Product"]]>
              </value>
            </param>
            <param index="1">
              <value>
                <![CDATA["E-Login"]]>
              </value>
            </param>
          </params>
          <reporter-output>
          </reporter-output>
        </test-method> <!-- scenario -->
        <test-method signature="scenario(cucumber.api.testng.PickleEventWrapper, cucumber.api.testng.CucumberFeatureWrapper)[pri:0, instance:com.Tab.runners.Runner_Chrome@384ad17b]" started-at="2019-08-20T20:41:09Z" name="scenario" description="Runs Cucumber Scenarios" data-provider="scenarios" finished-at="2019-08-20T20:41:22Z" duration-ms="12811" status="PASS">
          <params>
            <param index="0">
              <value>
                <![CDATA["Create lona Product"]]>
              </value>
            </param>
            <param index="1">
              <value>
                <![CDATA["E-Login"]]>
              </value>
            </param>
          </params>
          <reporter-output>
          </reporter-output>
        </test-method> <!-- scenario -->
        <test-method is-config="true" signature="tearDownClass()[pri:0, instance:com.Tab.runners.Runner_Chrome@384ad17b]" started-at="2019-08-20T20:41:23Z" name="tearDownClass" finished-at="2019-08-20T20:41:23Z" duration-ms="37" status="PASS">
          <reporter-output>
          </reporter-output>
        </test-method> <!-- tearDownClass -->
      </class> <!-- com.Tab.runners.Runner_Chrome -->
    </test> <!-- chrome Test -->
    <test started-at="2019-08-20T20:41:23Z" name="dd Test" finished-at="2019-08-20T20:42:27Z" duration-ms="63506">
      <class name="com.Tab.runners.Runner_Chrome">
        <test-method is-config="true" signature="setUpClass(org.testng.ITestContext)[pri:0, instance:com.Tab.runners.Runner_Chrome@6379eb]" started-at="2019-08-20T20:41:23Z" name="setUpClass" finished-at="2019-08-20T20:41:24Z" duration-ms="224" status="PASS">
          <params>
            <param index="0">
              <value>
                <![CDATA[org.testng.TestRunner@24b6b8f6]]>
              </value>
            </param>
          </params>
          <reporter-output>
          </reporter-output>
        </test-method> <!-- setUpClass -->
        <test-method signature="scenario(cucumber.api.testng.PickleEventWrapper, cucumber.api.testng.CucumberFeatureWrapper)[pri:0, instance:com.Tab.runners.Runner_Chrome@6379eb]" started-at="2019-08-20T20:41:24Z" name="scenario" description="Runs Cucumber Scenarios" data-provider="scenarios" finished-at="2019-08-20T20:42:27Z" duration-ms="62950" status="PASS">
          <params>
            <param index="0">
              <value>
                <![CDATA["create Customer"]]>
              </value>
            </param>
            <param index="1">
              <value>
                <![CDATA["Onboarding"]]>
              </value>
            </param>
          </params>
          <reporter-output>
          </reporter-output>
        </test-method> <!-- scenario -->
        <test-method signature="scenario(cucumber.api.testng.PickleEventWrapper, cucumber.api.testng.CucumberFeatureWrapper)[pri:0, instance:com.Tab.runners.Runner_Chrome@6379eb]" started-at="2019-08-20T20:41:24Z" name="scenario" description="Runs Cucumber Scenarios" data-provider="scenarios" finished-at="2019-08-20T20:42:27Z" duration-ms="63060" status="PASS">
          <params>
            <param index="0">
              <value>
                <![CDATA["create Deposit one"]]>
              </value>
            </param>
            <param index="1">
              <value>
                <![CDATA["Onboarding"]]>
              </value>
            </param>
          </params>
          <reporter-output>
          </reporter-output>
        </test-method> <!-- scenario -->
        <test-method signature="scenario(cucumber.api.testng.PickleEventWrapper, cucumber.api.testng.CucumberFeatureWrapper)[pri:0, instance:com.Tab.runners.Runner_Chrome@6379eb]" started-at="2019-08-20T20:41:24Z" name="scenario" description="Runs Cucumber Scenarios" data-provider="scenarios" finished-at="2019-08-20T20:42:27Z" duration-ms="63102" status="PASS">
          <params>
            <param index="0">
              <value>
                <![CDATA["create Loan Deposit"]]>
              </value>
            </param>
            <param index="1">
              <value>
                <![CDATA["Onboarding"]]>
              </value>
            </param>
          </params>
          <reporter-output>
          </reporter-output>
        </test-method> <!-- scenario -->
        <test-method signature="scenario(cucumber.api.testng.PickleEventWrapper, cucumber.api.testng.CucumberFeatureWrapper)[pri:0, instance:com.Tab.runners.Runner_Chrome@6379eb]" started-at="2019-08-20T20:41:24Z" name="scenario" description="Runs Cucumber Scenarios" data-provider="scenarios" finished-at="2019-08-20T20:42:27Z" duration-ms="63151" status="PASS">
          <params>
            <param index="0">
              <value>
                <![CDATA["create customer Deposit"]]>
              </value>
            </param>
            <param index="1">
              <value>
                <![CDATA["Onboarding"]]>
              </value>
            </param>
          </params>
          <reporter-output>
          </reporter-output>
        </test-method> <!-- scenario -->
        <test-method signature="scenario(cucumber.api.testng.PickleEventWrapper, cucumber.api.testng.CucumberFeatureWrapper)[pri:0, instance:com.Tab.runners.Runner_Chrome@6379eb]" started-at="2019-08-20T20:41:24Z" name="scenario" description="Runs Cucumber Scenarios" data-provider="scenarios" finished-at="2019-08-20T20:42:27Z" duration-ms="62949" status="PASS">
          <params>
            <param index="0">
              <value>
                <![CDATA["Create lona Product"]]>
              </value>
            </param>
            <param index="1">
              <value>
                <![CDATA["E-Login"]]>
              </value>
            </param>
          </params>
          <reporter-output>
          </reporter-output>
        </test-method> <!-- scenario -->
        <test-method signature="scenario(cucumber.api.testng.PickleEventWrapper, cucumber.api.testng.CucumberFeatureWrapper)[pri:0, instance:com.Tab.runners.Runner_Chrome@6379eb]" started-at="2019-08-20T20:41:24Z" name="scenario" description="Runs Cucumber Scenarios" data-provider="scenarios" finished-at="2019-08-20T20:42:27Z" duration-ms="63140" status="PASS">
          <params>
            <param index="0">
              <value>
                <![CDATA["Create lona Product"]]>
              </value>
            </param>
            <param index="1">
              <value>
                <![CDATA["E-Login"]]>
              </value>
            </param>
          </params>
          <reporter-output>
          </reporter-output>
        </test-method> <!-- scenario -->
        <test-method is-config="true" signature="tearDownClass()[pri:0, instance:com.Tab.runners.Runner_Chrome@6379eb]" started-at="2019-08-20T20:42:27Z" name="tearDownClass" finished-at="2019-08-20T20:42:27Z" duration-ms="59" status="PASS">
          <reporter-output>
          </reporter-output>
        </test-method> <!-- tearDownClass -->
        <test-method is-config="true" signature="mailReport()[pri:0, instance:com.Tab.runners.Runner_Chrome@6379eb]" started-at="2019-08-20T20:42:27Z" name="mailReport" finished-at="2019-08-20T20:42:28Z" duration-ms="257" status="PASS">
          <reporter-output>
          </reporter-output>
        </test-method> <!-- mailReport -->
      </class> <!-- com.Tab.runners.Runner_Chrome -->
    </test> <!-- dd Test -->
  </suite> <!-- Suite -->
</testng-results>
