<?xml version="1.0" encoding="UTF-8"?>
<!-- Generated by org.testng.reporters.JUnitXMLReporter -->
<testsuite ignored="0" hostname="Asus-PC" failures="0" tests="4" name="chrome Test" time="107.755" errors="0" timestamp="18 Aug 2019 10:39:16 GMT">
  <testcase classname="com.Tab.runners.Runner_Chrome" name="scenario" time="106.249"/>
  <testcase classname="com.Tab.runners.Runner_Chrome" name="scenario" time="106.976"/>
  <testcase classname="com.Tab.runners.Runner_Chrome" name="scenario" time="107.54"/>
  <testcase classname="com.Tab.runners.Runner_Chrome" name="scenario" time="107.582"/>
</testsuite> <!-- chrome Test -->
